[debug] [2023-02-17T11:38:46.915Z] ----------------------------------------------------------------------
[debug] [2023-02-17T11:38:46.917Z] Command:       C:\Program Files\nodejs\node.exe C:\Users\manis\AppData\Roaming\npm\node_modules\firebase-tools\lib\bin\firebase.js init
[debug] [2023-02-17T11:38:46.918Z] CLI Version:   11.22.0
[debug] [2023-02-17T11:38:46.918Z] Platform:      win32
[debug] [2023-02-17T11:38:46.918Z] Node Version:  v18.12.1
[debug] [2023-02-17T11:38:46.919Z] Time:          Fri Feb 17 2023 17:08:46 GMT+0530 (India Standard Time)
[debug] [2023-02-17T11:38:46.920Z] ----------------------------------------------------------------------
[debug] 
[debug] [2023-02-17T11:38:46.929Z] >>> [apiv2][query] GET https://firebase-public.firebaseio.com/cli.json [none]
[debug] [2023-02-17T11:38:46.986Z] > command requires scopes: ["email","openid","https://www.googleapis.com/auth/cloudplatformprojects.readonly","https://www.googleapis.com/auth/firebase","https://www.googleapis.com/auth/cloud-platform"]
[debug] [2023-02-17T11:38:46.986Z] > authorizing via signed-in user (manishsharma43005@gmail.com)
[info] 
     ######## #### ########  ######## ########     ###     ######  ########
     ##        ##  ##     ## ##       ##     ##  ##   ##  ##       ##
     ######    ##  ########  ######   ########  #########  ######  ######
     ##        ##  ##    ##  ##       ##     ## ##     ##       ## ##
     ##       #### ##     ## ######## ########  ##     ##  ######  ########

You're about to initialize a Firebase project in this directory:

  D:\Develop\Web\nextjs\recipeee

[debug] [2023-02-17T11:38:47.917Z] <<< [apiv2][status] GET https://firebase-public.firebaseio.com/cli.json 200
[debug] [2023-02-17T11:38:47.918Z] <<< [apiv2][body] GET https://firebase-public.firebaseio.com/cli.json {"cloudBuildErrorAfter":1594252800000,"cloudBuildWarnAfter":1590019200000,"defaultNode10After":1594252800000,"minVersion":"3.0.5","node8DeploysDisabledAfter":1613390400000,"node8RuntimeDisabledAfter":1615809600000,"node8WarnAfter":1600128000000}
